<?xml version="1.0" encoding="UTF-8"?>
<testsuite name="com.devarajkiran.home.springbootweb.SpringbootBasicApplicationTests" tests="1" skipped="0" failures="0" errors="0" timestamp="2022-01-26T09:55:13" hostname="DESKTOP-46ABB8O" time="0.387">
  <properties/>
  <testcase name="contextLoads()" classname="com.devarajkiran.home.springbootweb.SpringbootBasicApplicationTests" time="0.387"/>
  <system-out><![CDATA[15:25:11.332 [Test worker] DEBUG org.springframework.test.context.BootstrapUtils - Instantiating CacheAwareContextLoaderDelegate from class [org.springframework.test.context.cache.DefaultCacheAwareContextLoaderDelegate]
15:25:11.349 [Test worker] DEBUG org.springframework.test.context.BootstrapUtils - Instantiating BootstrapContext using constructor [public org.springframework.test.context.support.DefaultBootstrapContext(java.lang.Class,org.springframework.test.context.CacheAwareContextLoaderDelegate)]
15:25:11.393 [Test worker] DEBUG org.springframework.test.context.BootstrapUtils - Instantiating TestContextBootstrapper for test class [com.devarajkiran.home.springbootweb.SpringbootBasicApplicationTests] from class [org.springframework.boot.test.context.SpringBootTestContextBootstrapper]
15:25:11.408 [Test worker] INFO org.springframework.boot.test.context.SpringBootTestContextBootstrapper - Neither @ContextConfiguration nor @ContextHierarchy found for test class [com.devarajkiran.home.springbootweb.SpringbootBasicApplicationTests], using SpringBootContextLoader
15:25:11.412 [Test worker] DEBUG org.springframework.test.context.support.AbstractContextLoader - Did not detect default resource location for test class [com.devarajkiran.home.springbootweb.SpringbootBasicApplicationTests]: class path resource [com/devarajkiran/home/springbootweb/SpringbootBasicApplicationTests-context.xml] does not exist
15:25:11.413 [Test worker] DEBUG org.springframework.test.context.support.AbstractContextLoader - Did not detect default resource location for test class [com.devarajkiran.home.springbootweb.SpringbootBasicApplicationTests]: class path resource [com/devarajkiran/home/springbootweb/SpringbootBasicApplicationTestsContext.groovy] does not exist
15:25:11.413 [Test worker] INFO org.springframework.test.context.support.AbstractContextLoader - Could not detect default resource locations for test class [com.devarajkiran.home.springbootweb.SpringbootBasicApplicationTests]: no resource found for suffixes {-context.xml, Context.groovy}.
15:25:11.414 [Test worker] INFO org.springframework.test.context.support.AnnotationConfigContextLoaderUtils - Could not detect default configuration classes for test class [com.devarajkiran.home.springbootweb.SpringbootBasicApplicationTests]: SpringbootBasicApplicationTests does not declare any static, non-private, non-final, nested classes annotated with @Configuration.
15:25:11.462 [Test worker] DEBUG org.springframework.test.context.support.ActiveProfilesUtils - Could not find an 'annotation declaring class' for annotation type [org.springframework.test.context.ActiveProfiles] and class [com.devarajkiran.home.springbootweb.SpringbootBasicApplicationTests]
15:25:11.542 [Test worker] DEBUG org.springframework.context.annotation.ClassPathScanningCandidateComponentProvider - Identified candidate component class: file [C:\Users\devar\Intellij_Workspace\git_repo\spring-boot-docker\build\classes\java\main\com\devarajkiran\home\springbootweb\SpringBootApplicationMain.class]
15:25:11.543 [Test worker] INFO org.springframework.boot.test.context.SpringBootTestContextBootstrapper - Found @SpringBootConfiguration com.devarajkiran.home.springbootweb.SpringBootApplicationMain for test class com.devarajkiran.home.springbootweb.SpringbootBasicApplicationTests
15:25:11.666 [Test worker] DEBUG org.springframework.boot.test.context.SpringBootTestContextBootstrapper - @TestExecutionListeners is not present for class [com.devarajkiran.home.springbootweb.SpringbootBasicApplicationTests]: using defaults.
15:25:11.666 [Test worker] INFO org.springframework.boot.test.context.SpringBootTestContextBootstrapper - Loaded default TestExecutionListener class names from location [META-INF/spring.factories]: [org.springframework.boot.test.autoconfigure.restdocs.RestDocsTestExecutionListener, org.springframework.boot.test.autoconfigure.web.client.MockRestServiceServerResetTestExecutionListener, org.springframework.boot.test.autoconfigure.web.servlet.MockMvcPrintOnlyOnFailureTestExecutionListener, org.springframework.boot.test.autoconfigure.web.servlet.WebDriverTestExecutionListener, org.springframework.boot.test.autoconfigure.webservices.client.MockWebServiceServerTestExecutionListener, org.springframework.boot.test.mock.mockito.MockitoTestExecutionListener, org.springframework.boot.test.mock.mockito.ResetMocksTestExecutionListener, org.springframework.test.context.web.ServletTestExecutionListener, org.springframework.test.context.support.DirtiesContextBeforeModesTestExecutionListener, org.springframework.test.context.event.ApplicationEventsTestExecutionListener, org.springframework.test.context.support.DependencyInjectionTestExecutionListener, org.springframework.test.context.support.DirtiesContextTestExecutionListener, org.springframework.test.context.transaction.TransactionalTestExecutionListener, org.springframework.test.context.jdbc.SqlScriptsTestExecutionListener, org.springframework.test.context.event.EventPublishingTestExecutionListener]
15:25:11.681 [Test worker] DEBUG org.springframework.boot.test.context.SpringBootTestContextBootstrapper - Skipping candidate TestExecutionListener [org.springframework.test.context.transaction.TransactionalTestExecutionListener] due to a missing dependency. Specify custom listener classes or make the default listener classes and their required dependencies available. Offending class: [org/springframework/transaction/interceptor/TransactionAttributeSource]
15:25:11.682 [Test worker] DEBUG org.springframework.boot.test.context.SpringBootTestContextBootstrapper - Skipping candidate TestExecutionListener [org.springframework.test.context.jdbc.SqlScriptsTestExecutionListener] due to a missing dependency. Specify custom listener classes or make the default listener classes and their required dependencies available. Offending class: [org/springframework/transaction/interceptor/TransactionAttribute]
15:25:11.682 [Test worker] INFO org.springframework.boot.test.context.SpringBootTestContextBootstrapper - Using TestExecutionListeners: [org.springframework.test.context.web.ServletTestExecutionListener@66c61024, org.springframework.test.context.support.DirtiesContextBeforeModesTestExecutionListener@61fe30, org.springframework.test.context.event.ApplicationEventsTestExecutionListener@c9d0d6, org.springframework.boot.test.mock.mockito.MockitoTestExecutionListener@6ccdb29f, org.springframework.boot.test.autoconfigure.SpringBootDependencyInjectionTestExecutionListener@3adcc812, org.springframework.test.context.support.DirtiesContextTestExecutionListener@35432107, org.springframework.test.context.event.EventPublishingTestExecutionListener@7b420819, org.springframework.boot.test.autoconfigure.restdocs.RestDocsTestExecutionListener@7a1a14a4, org.springframework.boot.test.autoconfigure.web.client.MockRestServiceServerResetTestExecutionListener@265adfad, org.springframework.boot.test.autoconfigure.web.servlet.MockMvcPrintOnlyOnFailureTestExecutionListener@a3d9978, org.springframework.boot.test.autoconfigure.web.servlet.WebDriverTestExecutionListener@61544ae6, org.springframework.boot.test.autoconfigure.webservices.client.MockWebServiceServerTestExecutionListener@4b41dd5c, org.springframework.boot.test.mock.mockito.ResetMocksTestExecutionListener@3b96c42e]
15:25:11.687 [Test worker] DEBUG org.springframework.test.context.support.AbstractDirtiesContextTestExecutionListener - Before test class: context [DefaultTestContext@673be18f testClass = SpringbootBasicApplicationTests, testInstance = [null], testMethod = [null], testException = [null], mergedContextConfiguration = [WebMergedContextConfiguration@6581dc0a testClass = SpringbootBasicApplicationTests, locations = '{}', classes = '{class com.devarajkiran.home.springbootweb.SpringBootApplicationMain}', contextInitializerClasses = '[]', activeProfiles = '{}', propertySourceLocations = '{}', propertySourceProperties = '{org.springframework.boot.test.context.SpringBootTestContextBootstrapper=true}', contextCustomizers = set[org.springframework.boot.test.autoconfigure.actuate.metrics.MetricsExportContextCustomizerFactory$DisableMetricExportContextCustomizer@795509d9, org.springframework.boot.test.autoconfigure.properties.PropertyMappingContextCustomizer@0, org.springframework.boot.test.autoconfigure.web.servlet.WebDriverContextCustomizerFactory$Customizer@3ba987b8, org.springframework.boot.test.context.filter.ExcludeFilterContextCustomizer@72035809, org.springframework.boot.test.json.DuplicateJsonObjectContextCustomizerFactory$DuplicateJsonObjectContextCustomizer@606e4010, org.springframework.boot.test.mock.mockito.MockitoContextCustomizer@0, org.springframework.boot.test.web.client.TestRestTemplateContextCustomizer@1750fbeb, org.springframework.boot.test.context.SpringBootTestArgs@1, org.springframework.boot.test.context.SpringBootTestWebEnvironment@78e94dcf], resourceBasePath = 'src/main/webapp', contextLoader = 'org.springframework.boot.test.context.SpringBootContextLoader', parent = [null]], attributes = map['org.springframework.test.context.web.ServletTestExecutionListener.activateListener' -> true]], class annotated with @DirtiesContext [false] with mode [null].

  .   ____          _            __ _ _
 /\\ / ___'_ __ _ _(_)_ __  __ _ \ \ \ \
( ( )\___ | '_ | '_| | '_ \/ _` | \ \ \ \
 \\/  ___)| |_)| | | | | || (_| |  ) ) ) )
  '  |____| .__|_| |_|_| |_\__, | / / / /
 =========|_|==============|___/=/_/_/_/
 :: Spring Boot ::       (v2.6.4-SNAPSHOT)

2022-01-26 15:25:12.217  INFO 5776 --- [    Test worker] c.d.h.s.SpringbootBasicApplicationTests  : Starting SpringbootBasicApplicationTests using Java 1.8.0_171 on DESKTOP-46ABB8O with PID 5776 (started by Devaraj.Kiran in C:\Users\devar\Intellij_Workspace\git_repo\spring-boot-docker)
2022-01-26 15:25:12.218  INFO 5776 --- [    Test worker] c.d.h.s.SpringbootBasicApplicationTests  : No active profile set, falling back to default profiles: default
2022-01-26 15:25:13.861  INFO 5776 --- [    Test worker] c.d.h.s.SpringbootBasicApplicationTests  : Started SpringbootBasicApplicationTests in 2.137 seconds (JVM running for 3.529)
]]></system-out>
  <system-err><![CDATA[]]></system-err>
</testsuite>
